<?xml version="1.0" encoding="UTF-8"?>
<!-- Generated by org.testng.reporters.JUnitXMLReporter -->
<testsuite ignored="0" hostname="LAPTOP-911PMT28" failures="0" tests="2" name="ErrorValidationTest" time="17.713" errors="0" timestamp="2024-04-11T17:14:38 IST">
  <testcase classname="SDETProject1.Tests.ErrorValidationsTest" name="loginErrorValidation" time="0.485"/>
  <testcase classname="SDETProject1.Tests.ErrorValidationsTest" name="productErrorValidation" time="13.319"/>
</testsuite> <!-- ErrorValidationTest -->
