<?xml version="1.0" encoding="UTF-8"?>
<!-- Generated by org.testng.reporters.JUnitXMLReporter -->
<testsuite ignored="0" hostname="LAPTOP-911PMT28" failures="0" tests="3" name="SubmitOrderTest" time="36.256" errors="0" timestamp="2024-04-11T17:14:56 IST">
  <testcase classname="SDETProject1.Tests.SubmitOrderTest" name="submitOrder" time="14.59"/>
  <testcase classname="SDETProject1.Tests.SubmitOrderTest" name="submitOrder" time="14.526"/>
  <testcase classname="SDETProject1.Tests.SubmitOrderTest" name="orderHistoryTest" time="0.491"/>
</testsuite> <!-- SubmitOrderTest -->
