<?xml version="1.0" encoding="UTF-8"?>
<!-- Generated by org.testng.reporters.JUnitXMLReporter -->
<testsuite ignored="0" hostname="LAPTOP-911PMT28" failures="0" tests="2" name="ErrorValidationTest" time="23.289" errors="0" timestamp="2024-04-04T22:43:19 IST">
  <testcase classname="SDETProject1.Tests.ErrorValidationsTest" name="loginErrorValidation" time="0.475"/>
  <testcase classname="SDETProject1.Tests.ErrorValidationsTest" name="productErrorValidation" time="13.574"/>
</testsuite> <!-- ErrorValidationTest -->
