<?xml version="1.0" encoding="UTF-8"?>
<!-- Generated by org.testng.reporters.JUnitXMLReporter -->
<testsuite ignored="0" hostname="LAPTOP-911PMT28" failures="0" tests="3" name="SubmitOrderTest" time="38.626" errors="0" timestamp="2024-04-04T22:43:33 IST">
  <testcase classname="SDETProject1.Tests.SubmitOrderTest" name="submitOrder" time="14.519"/>
  <testcase classname="SDETProject1.Tests.SubmitOrderTest" name="submitOrder" time="14.535"/>
  <testcase classname="SDETProject1.Tests.SubmitOrderTest" name="orderHistoryTest" time="0.648"/>
</testsuite> <!-- SubmitOrderTest -->
